Fri May 03 12:18:05 CEST 2024
MaxEnt version 3.4.4
Checking header of D:\DOTTORATO\PROGETTI\PAULLILATINO\PAPER_2\SDM_R_PROJECT\SDM_Biomod2_100m\.\INPUT\RASTER\maxent_background_data\fla.asc
Checking header of D:\DOTTORATO\PROGETTI\PAULLILATINO\PAPER_2\SDM_R_PROJECT\SDM_Biomod2_100m\.\INPUT\RASTER\maxent_background_data\green.asc
Checking header of D:\DOTTORATO\PROGETTI\PAULLILATINO\PAPER_2\SDM_R_PROJECT\SDM_Biomod2_100m\.\INPUT\RASTER\maxent_background_data\rivers.asc
Checking header of D:\DOTTORATO\PROGETTI\PAULLILATINO\PAPER_2\SDM_R_PROJECT\SDM_Biomod2_100m\.\INPUT\RASTER\maxent_background_data\roads.asc
Checking header of D:\DOTTORATO\PROGETTI\PAULLILATINO\PAPER_2\SDM_R_PROJECT\SDM_Biomod2_100m\.\INPUT\RASTER\maxent_background_data\sand.asc
Checking header of D:\DOTTORATO\PROGETTI\PAULLILATINO\PAPER_2\SDM_R_PROJECT\SDM_Biomod2_100m\.\INPUT\RASTER\maxent_background_data\soc.asc
Reading samples from Sp_swd.csv
Read samples: max memory 477626368, total allocated 128974848, free 115321976, used 13652872, increment 13652872
Extractor: max memory 477626368, total allocated 128974848, free 113958800, used 15016048, increment 1363176
Extracting random background and sample data
9214 points with values for all grids
Making features
makeFeatures: max memory 477626368, total allocated 128974848, free 109905168, used 19069680, increment 4053632
Command line used:  environmentallayers=./INPUT/RASTER/maxent_background_data samplesfile=D:/DOTTORATO/PROGETTI/PAULLILATINO/PAPER_2/SDM_R_PROJECT/SDM_Biomod2_100m/Phytophthora/models/20240503_1210_48/Phytophthora_PA3_RUN4_MAXENT_outputs/Sp_swd.csv projectionlayers=D:/DOTTORATO/PROGETTI/PAULLILATINO/PAPER_2/SDM_R_PROJECT/SDM_Biomod2_100m/Phytophthora/models/20240503_1210_48/Phytophthora_PA3_RUN4_MAXENT_outputs/Predictions/Pred_swd.csv outputdirectory=D:/DOTTORATO/PROGETTI/PAULLILATINO/PAPER_2/SDM_R_PROJECT/SDM_Biomod2_100m/Phytophthora/models/20240503_1210_48/Phytophthora_PA3_RUN4_MAXENT_outputs outputformat=logistic redoifexists visible=FALSE linear=TRUE quadratic=TRUE product=TRUE threshold=TRUE hinge=TRUE lq2lqptthreshold=80 l2lqthreshold=10 hingethreshold=15 beta_threshold=-1 beta_categorical=-1 beta_lqp=-1 beta_hinge=-1 betamultiplier=1 defaultprevalence=0.5 autorun nowarnings notooltips noaddsamplestobackground
Command line to repeat: java density.MaxEnt nowarnings noprefixes outputformat=logistic outputdirectory=D:/DOTTORATO/PROGETTI/PAULLILATINO/PAPER_2/SDM_R_PROJECT/SDM_Biomod2_100m/Phytophthora/models/20240503_1210_48/Phytophthora_PA3_RUN4_MAXENT_outputs projectionlayers=D:/DOTTORATO/PROGETTI/PAULLILATINO/PAPER_2/SDM_R_PROJECT/SDM_Biomod2_100m/Phytophthora/models/20240503_1210_48/Phytophthora_PA3_RUN4_MAXENT_outputs/Predictions/Pred_swd.csv samplesfile=D:/DOTTORATO/PROGETTI/PAULLILATINO/PAPER_2/SDM_R_PROJECT/SDM_Biomod2_100m/Phytophthora/models/20240503_1210_48/Phytophthora_PA3_RUN4_MAXENT_outputs/Sp_swd.csv environmentallayers=./INPUT/RASTER/maxent_background_data nowarnings notooltips noaskoverwrite threshold noaddsamplestobackground autorun novisible
Species: Phytophthora_PA3_RUN4
Layers: fla green rivers roads sand soc
Layertypes: Continuous Continuous Continuous Continuous Continuous Continuous
outputformat: logistic
outputdirectory: D:/DOTTORATO/PROGETTI/PAULLILATINO/PAPER_2/SDM_R_PROJECT/SDM_Biomod2_100m/Phytophthora/models/20240503_1210_48/Phytophthora_PA3_RUN4_MAXENT_outputs
projectionlayers: D:/DOTTORATO/PROGETTI/PAULLILATINO/PAPER_2/SDM_R_PROJECT/SDM_Biomod2_100m/Phytophthora/models/20240503_1210_48/Phytophthora_PA3_RUN4_MAXENT_outputs/Predictions/Pred_swd.csv
samplesfile: D:/DOTTORATO/PROGETTI/PAULLILATINO/PAPER_2/SDM_R_PROJECT/SDM_Biomod2_100m/Phytophthora/models/20240503_1210_48/Phytophthora_PA3_RUN4_MAXENT_outputs/Sp_swd.csv
environmentallayers: ./INPUT/RASTER/maxent_background_data
warnings: false
tooltips: false
askoverwrite: false
threshold: true
addsamplestobackground: false
autorun: true
visible: false

getSamples: max memory 477626368, total allocated 128974848, free 109222112, used 19752736, increment 683056
Phytophthora_PA3_RUN4: 
Regularization values: linear/quadratic/product: 0.221, categorical: 0.250, threshold: 1.600, hinge: 0.500
40 samples
Density: max memory 477626368, total allocated 128974848, free 114772440, used 14202408, increment -5550328
linearPredictor: max memory 477626368, total allocated 128974848, free 114772440, used 14202408, increment 0
FeaturedSpace: max memory 477626368, total allocated 128974848, free 114772440, used 14202408, increment 0
Sequential: max memory 477626368, total allocated 128974848, free 114772440, used 14202408, increment 0
Initial loss: 9.128479345495862
Time since start: 7.853
340: time = 7,322000 loss = 8,238194
Resulting gain: 0.8902853815834124
Time since start: 9.124
Projecting...
Writing file D:\DOTTORATO\PROGETTI\PAULLILATINO\PAPER_2\SDM_R_PROJECT\SDM_Biomod2_100m\Phytophthora\models\20240503_1210_48\Phytophthora_PA3_RUN4_MAXENT_outputs\Phytophthora_PA3_RUN4.asc
Writing D:\DOTTORATO\PROGETTI\PAULLILATINO\PAPER_2\SDM_R_PROJECT\SDM_Biomod2_100m\Phytophthora\models\20240503_1210_48\Phytophthora_PA3_RUN4_MAXENT_outputs\plots\Phytophthora_PA3_RUN4.png
Projecting...
Reading file Pred_swd.csv
readGrid: max memory 477626368, total allocated 133693440, free 83841128, used 49852312, increment 35649904
Writing file D:\DOTTORATO\PROGETTI\PAULLILATINO\PAPER_2\SDM_R_PROJECT\SDM_Biomod2_100m\Phytophthora\models\20240503_1210_48\Phytophthora_PA3_RUN4_MAXENT_outputs\Phytophthora_PA3_RUN4_Pred_swd.csv
Writing file D:\DOTTORATO\PROGETTI\PAULLILATINO\PAPER_2\SDM_R_PROJECT\SDM_Biomod2_100m\Phytophthora\models\20240503_1210_48\Phytophthora_PA3_RUN4_MAXENT_outputs\Phytophthora_PA3_RUN4_Pred_swd_clamping.csv
Ending
